#! /opt/homebrew/Cellar/icarus-verilog/12.0/bin/vvp
:ivl_version "12.0 (stable)";
:ivl_delay_selection "TYPICAL";
:vpi_time_precision - 12;
:vpi_module "/opt/homebrew/Cellar/icarus-verilog/12.0/lib/ivl/system.vpi";
:vpi_module "/opt/homebrew/Cellar/icarus-verilog/12.0/lib/ivl/vhdl_sys.vpi";
:vpi_module "/opt/homebrew/Cellar/icarus-verilog/12.0/lib/ivl/vhdl_textio.vpi";
:vpi_module "/opt/homebrew/Cellar/icarus-verilog/12.0/lib/ivl/v2005_math.vpi";
:vpi_module "/opt/homebrew/Cellar/icarus-verilog/12.0/lib/ivl/va_math.vpi";
S_0x12f606160 .scope module, "tb_link_top" "tb_link_top" 2 3;
 .timescale -9 -12;
v0x12f618430_0 .var "clk", 0 0;
v0x12f6184c0_0 .net "done", 0 0, L_0x12f618700;  1 drivers
v0x12f618590_0 .var "rst", 0 0;
E_0x12f6062d0 .event anyedge, v0x12f616e00_0;
S_0x12f606310 .scope module, "dut" "link_top" 2 9, 3 2 0, S_0x12f606160;
 .timescale 0 0;
    .port_info 0 /INPUT 1 "clk";
    .port_info 1 /INPUT 1 "rst";
    .port_info 2 /OUTPUT 1 "done";
v0x12f617eb0_0 .net "ack", 0 0, L_0x12f6187b0;  1 drivers
v0x12f617f90_0 .net "clk", 0 0, v0x12f618430_0;  1 drivers
v0x12f618060_0 .net "data", 7 0, L_0x12f618690;  1 drivers
v0x12f618130_0 .net "done", 0 0, L_0x12f618700;  alias, 1 drivers
v0x12f6181c0_0 .net "last_byte", 7 0, L_0x12f618840;  1 drivers
v0x12f618290_0 .net "req", 0 0, L_0x12f618620;  1 drivers
v0x12f618360_0 .net "rst", 0 0, v0x12f618590_0;  1 drivers
S_0x12f606520 .scope module, "master_inst" "master_fsm" 3 13, 4 2 0, S_0x12f606310;
 .timescale 0 0;
    .port_info 0 /INPUT 1 "clk";
    .port_info 1 /INPUT 1 "rst";
    .port_info 2 /INPUT 1 "ack";
    .port_info 3 /OUTPUT 1 "req";
    .port_info 4 /OUTPUT 8 "data";
    .port_info 5 /OUTPUT 1 "done";
P_0x12f6066f0 .param/l "S_DONE" 1 4 23, C4<010>;
P_0x12f606730 .param/l "S_IDLE" 1 4 24, C4<011>;
P_0x12f606770 .param/l "S_REQ" 1 4 21, C4<000>;
P_0x12f6067b0 .param/l "S_WAIT_ACK_DROP" 1 4 22, C4<001>;
L_0x12f618620 .functor BUFZ 1, v0x12f616fe0_0, C4<0>, C4<0>, C4<0>;
L_0x12f618690 .functor BUFZ 8, v0x12f616d10_0, C4<00000000>, C4<00000000>, C4<00000000>;
L_0x12f618700 .functor BUFZ 1, v0x12f616ea0_0, C4<0>, C4<0>, C4<0>;
v0x12f606a50_0 .net "ack", 0 0, L_0x12f6187b0;  alias, 1 drivers
v0x12f616b00_0 .var "byte_idx", 1 0;
v0x12f616bb0_0 .net "clk", 0 0, v0x12f618430_0;  alias, 1 drivers
v0x12f616c60_0 .net "data", 7 0, L_0x12f618690;  alias, 1 drivers
v0x12f616d10_0 .var "data_r", 7 0;
v0x12f616e00_0 .net "done", 0 0, L_0x12f618700;  alias, 1 drivers
v0x12f616ea0_0 .var "done_r", 0 0;
v0x12f616f40_0 .net "req", 0 0, L_0x12f618620;  alias, 1 drivers
v0x12f616fe0_0 .var "req_r", 0 0;
v0x12f6170f0_0 .net "rst", 0 0, v0x12f618590_0;  alias, 1 drivers
v0x12f617180_0 .var "state", 2 0;
E_0x12f606a00 .event posedge, v0x12f616bb0_0;
S_0x12f6172c0 .scope module, "slave_inst" "slave_fsm" 3 22, 5 2 0, S_0x12f606310;
 .timescale 0 0;
    .port_info 0 /INPUT 1 "clk";
    .port_info 1 /INPUT 1 "rst";
    .port_info 2 /INPUT 1 "req";
    .port_info 3 /INPUT 8 "data_in";
    .port_info 4 /OUTPUT 1 "ack";
    .port_info 5 /OUTPUT 8 "last_byte";
P_0x12f617480 .param/l "ASSERT1" 1 5 20, C4<01>;
P_0x12f6174c0 .param/l "ASSERT2" 1 5 21, C4<10>;
P_0x12f617500 .param/l "WAITDROP" 1 5 22, C4<11>;
P_0x12f617540 .param/l "WAITREQ" 1 5 19, C4<00>;
L_0x12f6187b0 .functor BUFZ 1, v0x12f617870_0, C4<0>, C4<0>, C4<0>;
L_0x12f618840 .functor BUFZ 8, v0x12f617b40_0, C4<00000000>, C4<00000000>, C4<00000000>;
v0x12f617740_0 .net "ack", 0 0, L_0x12f6187b0;  alias, 1 drivers
v0x12f6177d0_0 .var "ack_cnt", 1 0;
v0x12f617870_0 .var "ack_r", 0 0;
v0x12f617920_0 .net "clk", 0 0, v0x12f618430_0;  alias, 1 drivers
v0x12f6179d0_0 .net "data_in", 7 0, L_0x12f618690;  alias, 1 drivers
v0x12f617aa0_0 .net "last_byte", 7 0, L_0x12f618840;  alias, 1 drivers
v0x12f617b40_0 .var "last_byte_r", 7 0;
v0x12f617bf0_0 .net "req", 0 0, L_0x12f618620;  alias, 1 drivers
v0x12f617ca0_0 .net "rst", 0 0, v0x12f618590_0;  alias, 1 drivers
v0x12f617dd0_0 .var "state", 1 0;
    .scope S_0x12f606520;
T_0 ;
    %wait E_0x12f606a00;
    %load/vec4 v0x12f6170f0_0;
    %flag_set/vec4 8;
    %jmp/0xz  T_0.0, 8;
    %pushi/vec4 0, 0, 1;
    %assign/vec4 v0x12f616fe0_0, 0;
    %pushi/vec4 160, 0, 8;
    %assign/vec4 v0x12f616d10_0, 0;
    %pushi/vec4 0, 0, 1;
    %assign/vec4 v0x12f616ea0_0, 0;
    %pushi/vec4 0, 0, 2;
    %assign/vec4 v0x12f616b00_0, 0;
    %pushi/vec4 0, 0, 3;
    %assign/vec4 v0x12f617180_0, 0;
    %jmp T_0.1;
T_0.0 ;
    %pushi/vec4 0, 0, 1;
    %assign/vec4 v0x12f616ea0_0, 0;
    %load/vec4 v0x12f617180_0;
    %dup/vec4;
    %pushi/vec4 0, 0, 3;
    %cmp/u;
    %jmp/1 T_0.2, 6;
    %dup/vec4;
    %pushi/vec4 1, 0, 3;
    %cmp/u;
    %jmp/1 T_0.3, 6;
    %dup/vec4;
    %pushi/vec4 2, 0, 3;
    %cmp/u;
    %jmp/1 T_0.4, 6;
    %dup/vec4;
    %pushi/vec4 3, 0, 3;
    %cmp/u;
    %jmp/1 T_0.5, 6;
    %pushi/vec4 0, 0, 3;
    %assign/vec4 v0x12f617180_0, 0;
    %jmp T_0.7;
T_0.2 ;
    %pushi/vec4 1, 0, 1;
    %assign/vec4 v0x12f616fe0_0, 0;
    %pushi/vec4 160, 0, 8;
    %load/vec4 v0x12f616b00_0;
    %pad/u 8;
    %add;
    %assign/vec4 v0x12f616d10_0, 0;
    %load/vec4 v0x12f606a50_0;
    %flag_set/vec4 8;
    %jmp/0xz  T_0.8, 8;
    %pushi/vec4 1, 0, 3;
    %assign/vec4 v0x12f617180_0, 0;
T_0.8 ;
    %jmp T_0.7;
T_0.3 ;
    %pushi/vec4 0, 0, 1;
    %assign/vec4 v0x12f616fe0_0, 0;
    %load/vec4 v0x12f606a50_0;
    %nor/r;
    %flag_set/vec4 8;
    %jmp/0xz  T_0.10, 8;
    %load/vec4 v0x12f616b00_0;
    %cmpi/e 3, 0, 2;
    %jmp/0xz  T_0.12, 4;
    %pushi/vec4 2, 0, 3;
    %assign/vec4 v0x12f617180_0, 0;
    %jmp T_0.13;
T_0.12 ;
    %load/vec4 v0x12f616b00_0;
    %addi 1, 0, 2;
    %assign/vec4 v0x12f616b00_0, 0;
    %pushi/vec4 0, 0, 3;
    %assign/vec4 v0x12f617180_0, 0;
T_0.13 ;
T_0.10 ;
    %jmp T_0.7;
T_0.4 ;
    %pushi/vec4 1, 0, 1;
    %assign/vec4 v0x12f616ea0_0, 0;
    %pushi/vec4 3, 0, 3;
    %assign/vec4 v0x12f617180_0, 0;
    %jmp T_0.7;
T_0.5 ;
    %pushi/vec4 0, 0, 1;
    %assign/vec4 v0x12f616fe0_0, 0;
    %jmp T_0.7;
T_0.7 ;
    %pop/vec4 1;
T_0.1 ;
    %jmp T_0;
    .thread T_0;
    .scope S_0x12f6172c0;
T_1 ;
    %wait E_0x12f606a00;
    %load/vec4 v0x12f617ca0_0;
    %flag_set/vec4 8;
    %jmp/0xz  T_1.0, 8;
    %pushi/vec4 0, 0, 1;
    %assign/vec4 v0x12f617870_0, 0;
    %pushi/vec4 0, 0, 8;
    %assign/vec4 v0x12f617b40_0, 0;
    %pushi/vec4 0, 0, 2;
    %assign/vec4 v0x12f6177d0_0, 0;
    %pushi/vec4 0, 0, 2;
    %assign/vec4 v0x12f617dd0_0, 0;
    %jmp T_1.1;
T_1.0 ;
    %load/vec4 v0x12f617dd0_0;
    %dup/vec4;
    %pushi/vec4 0, 0, 2;
    %cmp/u;
    %jmp/1 T_1.2, 6;
    %dup/vec4;
    %pushi/vec4 2, 0, 2;
    %cmp/u;
    %jmp/1 T_1.3, 6;
    %dup/vec4;
    %pushi/vec4 3, 0, 2;
    %cmp/u;
    %jmp/1 T_1.4, 6;
    %pushi/vec4 0, 0, 2;
    %assign/vec4 v0x12f617dd0_0, 0;
    %jmp T_1.6;
T_1.2 ;
    %pushi/vec4 0, 0, 1;
    %assign/vec4 v0x12f617870_0, 0;
    %pushi/vec4 0, 0, 2;
    %assign/vec4 v0x12f6177d0_0, 0;
    %load/vec4 v0x12f617bf0_0;
    %flag_set/vec4 8;
    %jmp/0xz  T_1.7, 8;
    %load/vec4 v0x12f6179d0_0;
    %assign/vec4 v0x12f617b40_0, 0;
    %pushi/vec4 1, 0, 1;
    %assign/vec4 v0x12f617870_0, 0;
    %pushi/vec4 1, 0, 2;
    %assign/vec4 v0x12f6177d0_0, 0;
    %pushi/vec4 2, 0, 2;
    %assign/vec4 v0x12f617dd0_0, 0;
T_1.7 ;
    %jmp T_1.6;
T_1.3 ;
    %pushi/vec4 1, 0, 1;
    %assign/vec4 v0x12f617870_0, 0;
    %pushi/vec4 2, 0, 2;
    %assign/vec4 v0x12f6177d0_0, 0;
    %pushi/vec4 3, 0, 2;
    %assign/vec4 v0x12f617dd0_0, 0;
    %jmp T_1.6;
T_1.4 ;
    %pushi/vec4 1, 0, 1;
    %assign/vec4 v0x12f617870_0, 0;
    %load/vec4 v0x12f617bf0_0;
    %nor/r;
    %flag_set/vec4 8;
    %jmp/0xz  T_1.9, 8;
    %pushi/vec4 0, 0, 1;
    %assign/vec4 v0x12f617870_0, 0;
    %pushi/vec4 0, 0, 2;
    %assign/vec4 v0x12f6177d0_0, 0;
    %pushi/vec4 0, 0, 2;
    %assign/vec4 v0x12f617dd0_0, 0;
T_1.9 ;
    %jmp T_1.6;
T_1.6 ;
    %pop/vec4 1;
T_1.1 ;
    %jmp T_1;
    .thread T_1;
    .scope S_0x12f606160;
T_2 ;
    %vpi_call 2 12 "$dumpfile", "dump.vcd" {0 0 0};
    %vpi_call 2 13 "$dumpvars", 32'sb00000000000000000000000000000000, S_0x12f606160 {0 0 0};
    %end;
    .thread T_2;
    .scope S_0x12f606160;
T_3 ;
    %pushi/vec4 0, 0, 1;
    %store/vec4 v0x12f618430_0, 0, 1;
T_3.0 ;
    %delay 5000, 0;
    %load/vec4 v0x12f618430_0;
    %inv;
    %store/vec4 v0x12f618430_0, 0, 1;
    %jmp T_3.0;
    %end;
    .thread T_3;
    .scope S_0x12f606160;
T_4 ;
    %pushi/vec4 1, 0, 1;
    %store/vec4 v0x12f618590_0, 0, 1;
    %delay 20000, 0;
    %pushi/vec4 0, 0, 1;
    %store/vec4 v0x12f618590_0, 0, 1;
    %vpi_call 2 29 "$display", "TIME  REQ ACK DATA LAST_BYTE DONE" {0 0 0};
    %vpi_call 2 30 "$monitor", "%0t  %b   %b  %02h   %02h       %b", $time, v0x12f616f40_0, v0x12f617740_0, v0x12f616c60_0, v0x12f617aa0_0, v0x12f618130_0 {0 0 0};
T_4.0 ;
    %load/vec4 v0x12f6184c0_0;
    %pad/u 32;
    %pushi/vec4 1, 0, 32;
    %cmp/e;
    %flag_get/vec4 4;
    %cmpi/ne 1, 0, 1;
    %jmp/0xz T_4.1, 6;
    %wait E_0x12f6062d0;
    %jmp T_4.0;
T_4.1 ;
    %delay 20000, 0;
    %vpi_call 2 40 "$display", "Burst complete at time %0t", $time {0 0 0};
    %vpi_call 2 41 "$finish" {0 0 0};
    %end;
    .thread T_4;
# The file index is used to find the file name in the following table.
:file_names 6;
    "N/A";
    "<interactive>";
    "tb_link_top.v";
    "link_top.v";
    "master_fsm.v";
    "slave_fsm.v";
