#! /opt/homebrew/Cellar/icarus-verilog/12.0/bin/vvp
:ivl_version "12.0 (stable)";
:ivl_delay_selection "TYPICAL";
:vpi_time_precision - 12;
:vpi_module "/opt/homebrew/Cellar/icarus-verilog/12.0/lib/ivl/system.vpi";
:vpi_module "/opt/homebrew/Cellar/icarus-verilog/12.0/lib/ivl/vhdl_sys.vpi";
:vpi_module "/opt/homebrew/Cellar/icarus-verilog/12.0/lib/ivl/vhdl_textio.vpi";
:vpi_module "/opt/homebrew/Cellar/icarus-verilog/12.0/lib/ivl/v2005_math.vpi";
:vpi_module "/opt/homebrew/Cellar/icarus-verilog/12.0/lib/ivl/va_math.vpi";
S_0x137f09d90 .scope module, "tb_vending_mealy" "tb_vending_mealy" 2 3;
 .timescale -9 -12;
v0x137f219e0_0 .net "chg5", 0 0, L_0x137f21e20;  1 drivers
v0x137f21a70_0 .var "clk", 0 0;
v0x137f21b20_0 .var "coin", 1 0;
v0x137f21bf0_0 .net "dispense", 0 0, L_0x137f21d70;  1 drivers
v0x137f21ca0_0 .var "rst", 0 0;
S_0x137f05760 .scope module, "dut" "vending_mealy" 2 9, 3 6 0, S_0x137f09d90;
 .timescale -9 -12;
    .port_info 0 /INPUT 1 "clk";
    .port_info 1 /INPUT 1 "rst";
    .port_info 2 /INPUT 2 "coin";
    .port_info 3 /OUTPUT 1 "dispense";
    .port_info 4 /OUTPUT 1 "chg5";
P_0x137f09f00 .param/l "S0" 1 3 15, C4<00>;
P_0x137f09f40 .param/l "S10" 1 3 17, C4<10>;
P_0x137f09f80 .param/l "S15" 1 3 18, C4<11>;
P_0x137f09fc0 .param/l "S5" 1 3 16, C4<01>;
L_0x137f21d70 .functor BUFZ 1, v0x137f212e0_0, C4<0>, C4<0>, C4<0>;
L_0x137f21e20 .functor BUFZ 1, v0x137f21000_0, C4<0>, C4<0>, C4<0>;
v0x137f05950_0 .net "chg5", 0 0, L_0x137f21e20;  alias, 1 drivers
v0x137f21000_0 .var "chg5_r", 0 0;
v0x137f210a0_0 .net "clk", 0 0, v0x137f21a70_0;  1 drivers
v0x137f21150_0 .net "coin", 1 0, v0x137f21b20_0;  1 drivers
v0x137f21200_0 .net "dispense", 0 0, L_0x137f21d70;  alias, 1 drivers
v0x137f212e0_0 .var "dispense_r", 0 0;
v0x137f21380_0 .var "next_state", 1 0;
v0x137f21430_0 .net "rst", 0 0, v0x137f21ca0_0;  1 drivers
v0x137f214d0_0 .var "state", 1 0;
E_0x137f0b770 .event posedge, v0x137f210a0_0;
E_0x137f0a8d0 .event anyedge, v0x137f214d0_0, v0x137f21150_0;
S_0x137f21660 .scope task, "put10" "put10" 2 39, 2 39 0, S_0x137f09d90;
 .timescale -9 -12;
TD_tb_vending_mealy.put10 ;
    %pushi/vec4 2, 0, 2;
    %store/vec4 v0x137f21b20_0, 0, 2;
    %wait E_0x137f0b770;
    %pushi/vec4 0, 0, 2;
    %store/vec4 v0x137f21b20_0, 0, 2;
    %delay 1000, 0;
    %end;
S_0x137f21820 .scope task, "put5" "put5" 2 30, 2 30 0, S_0x137f09d90;
 .timescale -9 -12;
TD_tb_vending_mealy.put5 ;
    %pushi/vec4 1, 0, 2;
    %store/vec4 v0x137f21b20_0, 0, 2;
    %wait E_0x137f0b770;
    %pushi/vec4 0, 0, 2;
    %store/vec4 v0x137f21b20_0, 0, 2;
    %delay 1000, 0;
    %end;
    .scope S_0x137f05760;
T_2 ;
    %wait E_0x137f0a8d0;
    %load/vec4 v0x137f214d0_0;
    %store/vec4 v0x137f21380_0, 0, 2;
    %pushi/vec4 0, 0, 1;
    %store/vec4 v0x137f212e0_0, 0, 1;
    %pushi/vec4 0, 0, 1;
    %store/vec4 v0x137f21000_0, 0, 1;
    %load/vec4 v0x137f214d0_0;
    %dup/vec4;
    %pushi/vec4 0, 0, 2;
    %cmp/u;
    %jmp/1 T_2.0, 6;
    %dup/vec4;
    %pushi/vec4 1, 0, 2;
    %cmp/u;
    %jmp/1 T_2.1, 6;
    %dup/vec4;
    %pushi/vec4 2, 0, 2;
    %cmp/u;
    %jmp/1 T_2.2, 6;
    %dup/vec4;
    %pushi/vec4 3, 0, 2;
    %cmp/u;
    %jmp/1 T_2.3, 6;
    %pushi/vec4 0, 0, 2;
    %store/vec4 v0x137f21380_0, 0, 2;
    %jmp T_2.5;
T_2.0 ;
    %load/vec4 v0x137f21150_0;
    %dup/vec4;
    %pushi/vec4 1, 0, 2;
    %cmp/u;
    %jmp/1 T_2.6, 6;
    %dup/vec4;
    %pushi/vec4 2, 0, 2;
    %cmp/u;
    %jmp/1 T_2.7, 6;
    %pushi/vec4 0, 0, 2;
    %store/vec4 v0x137f21380_0, 0, 2;
    %jmp T_2.9;
T_2.6 ;
    %pushi/vec4 1, 0, 2;
    %store/vec4 v0x137f21380_0, 0, 2;
    %jmp T_2.9;
T_2.7 ;
    %pushi/vec4 2, 0, 2;
    %store/vec4 v0x137f21380_0, 0, 2;
    %jmp T_2.9;
T_2.9 ;
    %pop/vec4 1;
    %jmp T_2.5;
T_2.1 ;
    %load/vec4 v0x137f21150_0;
    %dup/vec4;
    %pushi/vec4 1, 0, 2;
    %cmp/u;
    %jmp/1 T_2.10, 6;
    %dup/vec4;
    %pushi/vec4 2, 0, 2;
    %cmp/u;
    %jmp/1 T_2.11, 6;
    %pushi/vec4 1, 0, 2;
    %store/vec4 v0x137f21380_0, 0, 2;
    %jmp T_2.13;
T_2.10 ;
    %pushi/vec4 2, 0, 2;
    %store/vec4 v0x137f21380_0, 0, 2;
    %jmp T_2.13;
T_2.11 ;
    %pushi/vec4 3, 0, 2;
    %store/vec4 v0x137f21380_0, 0, 2;
    %jmp T_2.13;
T_2.13 ;
    %pop/vec4 1;
    %jmp T_2.5;
T_2.2 ;
    %load/vec4 v0x137f21150_0;
    %dup/vec4;
    %pushi/vec4 1, 0, 2;
    %cmp/u;
    %jmp/1 T_2.14, 6;
    %dup/vec4;
    %pushi/vec4 2, 0, 2;
    %cmp/u;
    %jmp/1 T_2.15, 6;
    %pushi/vec4 2, 0, 2;
    %store/vec4 v0x137f21380_0, 0, 2;
    %jmp T_2.17;
T_2.14 ;
    %pushi/vec4 3, 0, 2;
    %store/vec4 v0x137f21380_0, 0, 2;
    %jmp T_2.17;
T_2.15 ;
    %pushi/vec4 0, 0, 2;
    %store/vec4 v0x137f21380_0, 0, 2;
    %pushi/vec4 1, 0, 1;
    %store/vec4 v0x137f212e0_0, 0, 1;
    %pushi/vec4 0, 0, 1;
    %store/vec4 v0x137f21000_0, 0, 1;
    %jmp T_2.17;
T_2.17 ;
    %pop/vec4 1;
    %jmp T_2.5;
T_2.3 ;
    %load/vec4 v0x137f21150_0;
    %dup/vec4;
    %pushi/vec4 1, 0, 2;
    %cmp/u;
    %jmp/1 T_2.18, 6;
    %dup/vec4;
    %pushi/vec4 2, 0, 2;
    %cmp/u;
    %jmp/1 T_2.19, 6;
    %pushi/vec4 3, 0, 2;
    %store/vec4 v0x137f21380_0, 0, 2;
    %jmp T_2.21;
T_2.18 ;
    %pushi/vec4 0, 0, 2;
    %store/vec4 v0x137f21380_0, 0, 2;
    %pushi/vec4 1, 0, 1;
    %store/vec4 v0x137f212e0_0, 0, 1;
    %pushi/vec4 0, 0, 1;
    %store/vec4 v0x137f21000_0, 0, 1;
    %jmp T_2.21;
T_2.19 ;
    %pushi/vec4 0, 0, 2;
    %store/vec4 v0x137f21380_0, 0, 2;
    %pushi/vec4 1, 0, 1;
    %store/vec4 v0x137f212e0_0, 0, 1;
    %pushi/vec4 1, 0, 1;
    %store/vec4 v0x137f21000_0, 0, 1;
    %jmp T_2.21;
T_2.21 ;
    %pop/vec4 1;
    %jmp T_2.5;
T_2.5 ;
    %pop/vec4 1;
    %jmp T_2;
    .thread T_2, $push;
    .scope S_0x137f05760;
T_3 ;
    %wait E_0x137f0b770;
    %load/vec4 v0x137f21430_0;
    %flag_set/vec4 8;
    %jmp/0xz  T_3.0, 8;
    %pushi/vec4 0, 0, 2;
    %assign/vec4 v0x137f214d0_0, 0;
    %jmp T_3.1;
T_3.0 ;
    %load/vec4 v0x137f21380_0;
    %assign/vec4 v0x137f214d0_0, 0;
T_3.1 ;
    %jmp T_3;
    .thread T_3;
    .scope S_0x137f09d90;
T_4 ;
    %pushi/vec4 0, 0, 1;
    %store/vec4 v0x137f21a70_0, 0, 1;
T_4.0 ;
    %delay 5000, 0;
    %load/vec4 v0x137f21a70_0;
    %inv;
    %store/vec4 v0x137f21a70_0, 0, 1;
    %jmp T_4.0;
    %end;
    .thread T_4;
    .scope S_0x137f09d90;
T_5 ;
    %vpi_call 2 25 "$dumpfile", "dump.vcd" {0 0 0};
    %vpi_call 2 26 "$dumpvars", 32'sb00000000000000000000000000000000, S_0x137f09d90 {0 0 0};
    %end;
    .thread T_5;
    .scope S_0x137f09d90;
T_6 ;
    %wait E_0x137f0b770;
    %vpi_call 2 50 "$display", "%0t : coin=%b state=%0d dispense=%b chg5=%b", $time, v0x137f21b20_0, v0x137f214d0_0, v0x137f21bf0_0, v0x137f219e0_0 {0 0 0};
    %jmp T_6;
    .thread T_6;
    .scope S_0x137f09d90;
T_7 ;
    %pushi/vec4 0, 0, 2;
    %store/vec4 v0x137f21b20_0, 0, 2;
    %pushi/vec4 1, 0, 1;
    %store/vec4 v0x137f21ca0_0, 0, 1;
    %pushi/vec4 2, 0, 32;
T_7.0 %dup/vec4;
    %pushi/vec4 0, 0, 32;
    %cmp/s;
    %jmp/1xz T_7.1, 5;
    %jmp/1 T_7.1, 4;
    %pushi/vec4 1, 0, 32;
    %sub;
    %wait E_0x137f0b770;
    %jmp T_7.0;
T_7.1 ;
    %pop/vec4 1;
    %pushi/vec4 0, 0, 1;
    %store/vec4 v0x137f21ca0_0, 0, 1;
    %fork TD_tb_vending_mealy.put10, S_0x137f21660;
    %join;
    %fork TD_tb_vending_mealy.put5, S_0x137f21820;
    %join;
    %fork TD_tb_vending_mealy.put5, S_0x137f21820;
    %join;
    %fork TD_tb_vending_mealy.put10, S_0x137f21660;
    %join;
    %fork TD_tb_vending_mealy.put10, S_0x137f21660;
    %join;
    %fork TD_tb_vending_mealy.put5, S_0x137f21820;
    %join;
    %fork TD_tb_vending_mealy.put10, S_0x137f21660;
    %join;
    %fork TD_tb_vending_mealy.put10, S_0x137f21660;
    %join;
    %pushi/vec4 2, 0, 32;
T_7.2 %dup/vec4;
    %pushi/vec4 0, 0, 32;
    %cmp/s;
    %jmp/1xz T_7.3, 5;
    %jmp/1 T_7.3, 4;
    %pushi/vec4 1, 0, 32;
    %sub;
    %wait E_0x137f0b770;
    %jmp T_7.2;
T_7.3 ;
    %pop/vec4 1;
    %vpi_call 2 89 "$display", "Test complete" {0 0 0};
    %vpi_call 2 90 "$finish" {0 0 0};
    %end;
    .thread T_7;
# The file index is used to find the file name in the following table.
:file_names 4;
    "N/A";
    "<interactive>";
    "tb_vending_mealy.v";
    "vending_mealy.v";
